<?xml version="1.0" encoding="UTF-8"?>
<coverage generated="1539618245">
  <project timestamp="1539618245">
    <package name="HEXONET">
      <file name="/home/kai/git/php-sdk/src/APIClient.php">
        <class name="HEXONET\APIClient" namespace="HEXONET">
          <metrics complexity="44" methods="26" coveredmethods="24" conditionals="0" coveredconditionals="0" statements="118" coveredstatements="108" elements="144" coveredelements="132"/>
        </class>
        <line num="42" type="method" name="__construct" visibility="public" complexity="1" crap="1" count="1"/>
        <line num="44" type="stmt" count="1"/>
        <line num="45" type="stmt" count="1"/>
        <line num="46" type="stmt" count="1"/>
        <line num="47" type="stmt" count="1"/>
        <line num="48" type="stmt" count="1"/>
        <line num="49" type="stmt" count="1"/>
        <line num="55" type="method" name="enableDebugMode" visibility="public" complexity="1" crap="1" count="1"/>
        <line num="57" type="stmt" count="1"/>
        <line num="58" type="stmt" count="1"/>
        <line num="65" type="method" name="disableDebugMode" visibility="public" complexity="1" crap="1" count="2"/>
        <line num="67" type="stmt" count="2"/>
        <line num="68" type="stmt" count="2"/>
        <line num="76" type="method" name="getPOSTData" visibility="public" complexity="4" crap="4" count="29"/>
        <line num="78" type="stmt" count="29"/>
        <line num="79" type="stmt" count="29"/>
        <line num="80" type="stmt" count="29"/>
        <line num="81" type="stmt" count="28"/>
        <line num="82" type="stmt" count="28"/>
        <line num="83" type="stmt" count="28"/>
        <line num="87" type="stmt" count="29"/>
        <line num="88" type="stmt" count="29"/>
        <line num="89" type="stmt" count="29"/>
        <line num="96" type="method" name="getSession" visibility="public" complexity="2" crap="2" count="2"/>
        <line num="98" type="stmt" count="2"/>
        <line num="99" type="stmt" count="2"/>
        <line num="106" type="method" name="getURL" visibility="public" complexity="1" crap="1" count="2"/>
        <line num="108" type="stmt" count="2"/>
        <line num="115" type="method" name="getVersion" visibility="public" complexity="1" crap="1" count="14"/>
        <line num="117" type="stmt" count="14"/>
        <line num="125" type="method" name="saveSession" visibility="public" complexity="1" crap="1" count="1"/>
        <line num="127" type="stmt" count="1"/>
        <line num="128" type="stmt" count="1"/>
        <line num="129" type="stmt" count="1"/>
        <line num="131" type="stmt" count="1"/>
        <line num="140" type="method" name="reuseSession" visibility="public" complexity="1" crap="1" count="1"/>
        <line num="142" type="stmt" count="1"/>
        <line num="143" type="stmt" count="1"/>
        <line num="144" type="stmt" count="1"/>
        <line num="152" type="method" name="setURL" visibility="public" complexity="1" crap="1" count="2"/>
        <line num="154" type="stmt" count="2"/>
        <line num="155" type="stmt" count="2"/>
        <line num="163" type="method" name="setOTP" visibility="public" complexity="1" crap="1" count="7"/>
        <line num="165" type="stmt" count="7"/>
        <line num="166" type="stmt" count="7"/>
        <line num="174" type="method" name="setSession" visibility="public" complexity="1" crap="1" count="9"/>
        <line num="176" type="stmt" count="9"/>
        <line num="177" type="stmt" count="9"/>
        <line num="186" type="method" name="setRemoteIPAddress" visibility="public" complexity="1" crap="1" count="2"/>
        <line num="188" type="stmt" count="2"/>
        <line num="189" type="stmt" count="2"/>
        <line num="198" type="method" name="setCredentials" visibility="public" complexity="1" crap="1" count="10"/>
        <line num="200" type="stmt" count="10"/>
        <line num="201" type="stmt" count="10"/>
        <line num="202" type="stmt" count="10"/>
        <line num="212" type="method" name="setRoleCredentials" visibility="public" complexity="2" crap="2" count="4"/>
        <line num="214" type="stmt" count="4"/>
        <line num="222" type="method" name="login" visibility="public" complexity="3" crap="3" count="3"/>
        <line num="224" type="stmt" count="3"/>
        <line num="225" type="stmt" count="3"/>
        <line num="226" type="stmt" count="3"/>
        <line num="227" type="stmt" count="2"/>
        <line num="228" type="stmt" count="2"/>
        <line num="230" type="stmt" count="3"/>
        <line num="240" type="method" name="loginExtended" visibility="public" complexity="3" crap="3" count="1"/>
        <line num="242" type="stmt" count="1"/>
        <line num="243" type="stmt" count="1"/>
        <line num="244" type="stmt" count="1"/>
        <line num="245" type="stmt" count="1"/>
        <line num="247" type="stmt" count="1"/>
        <line num="248" type="stmt" count="1"/>
        <line num="249" type="stmt" count="1"/>
        <line num="251" type="stmt" count="1"/>
        <line num="258" type="method" name="logout" visibility="public" complexity="2" crap="2" count="2"/>
        <line num="260" type="stmt" count="2"/>
        <line num="261" type="stmt" count="2"/>
        <line num="262" type="stmt" count="1"/>
        <line num="264" type="stmt" count="2"/>
        <line num="272" type="method" name="request" visibility="public" complexity="5" crap="5.65" count="14"/>
        <line num="274" type="stmt" count="14"/>
        <line num="275" type="stmt" count="14"/>
        <line num="276" type="stmt" count="14"/>
        <line num="277" type="stmt" count="0"/>
        <line num="278" type="stmt" count="0"/>
        <line num="279" type="stmt" count="0"/>
        <line num="280" type="stmt" count="0"/>
        <line num="281" type="stmt" count="0"/>
        <line num="282" type="stmt" count="0"/>
        <line num="284" type="stmt" count="0"/>
        <line num="286" type="stmt" count="14"/>
        <line num="288" type="stmt" count="14"/>
        <line num="290" type="stmt" count="14"/>
        <line num="291" type="stmt" count="14"/>
        <line num="292" type="stmt" count="14"/>
        <line num="294" type="stmt" count="14"/>
        <line num="295" type="stmt" count="14"/>
        <line num="302" type="stmt" count="14"/>
        <line num="303" type="stmt" count="14"/>
        <line num="304" type="stmt" count="0"/>
        <line num="306" type="stmt" count="14"/>
        <line num="311" type="stmt" count="14"/>
        <line num="312" type="stmt" count="14"/>
        <line num="313" type="stmt" count="1"/>
        <line num="314" type="stmt" count="1"/>
        <line num="315" type="stmt" count="1"/>
        <line num="317" type="stmt" count="14"/>
        <line num="326" type="method" name="requestNextResponsePage" visibility="public" complexity="4" crap="4" count="4"/>
        <line num="328" type="stmt" count="4"/>
        <line num="329" type="stmt" count="4"/>
        <line num="330" type="stmt" count="1"/>
        <line num="332" type="stmt" count="3"/>
        <line num="333" type="stmt" count="3"/>
        <line num="334" type="stmt" count="2"/>
        <line num="336" type="stmt" count="3"/>
        <line num="337" type="stmt" count="3"/>
        <line num="338" type="stmt" count="3"/>
        <line num="339" type="stmt" count="3"/>
        <line num="340" type="stmt" count="3"/>
        <line num="341" type="stmt" count="3"/>
        <line num="342" type="stmt" count="3"/>
        <line num="344" type="stmt" count="1"/>
        <line num="353" type="method" name="requestAllResponsePages" visibility="public" complexity="2" crap="2" count="1"/>
        <line num="355" type="stmt" count="1"/>
        <line num="356" type="stmt" count="1"/>
        <line num="357" type="stmt" count="1"/>
        <line num="358" type="stmt" count="1"/>
        <line num="360" type="stmt" count="1"/>
        <line num="361" type="stmt" count="1"/>
        <line num="362" type="stmt" count="1"/>
        <line num="363" type="stmt" count="1"/>
        <line num="371" type="method" name="setUserView" visibility="public" complexity="1" crap="1" count="2"/>
        <line num="373" type="stmt" count="2"/>
        <line num="374" type="stmt" count="2"/>
        <line num="381" type="method" name="resetUserView" visibility="public" complexity="1" crap="2.00" count="0"/>
        <line num="383" type="stmt" count="0"/>
        <line num="384" type="stmt" count="0"/>
        <line num="391" type="method" name="useOTESystem" visibility="public" complexity="1" crap="1" count="3"/>
        <line num="393" type="stmt" count="3"/>
        <line num="394" type="stmt" count="3"/>
        <line num="401" type="method" name="useLIVESystem" visibility="public" complexity="1" crap="1" count="1"/>
        <line num="403" type="stmt" count="1"/>
        <line num="404" type="stmt" count="1"/>
        <line num="412" type="method" name="toUpperCaseKeys" visibility="private" complexity="1" crap="1" count="4"/>
        <line num="414" type="stmt" count="4"/>
        <metrics loc="416" ncloc="247" classes="1" methods="26" coveredmethods="24" conditionals="0" coveredconditionals="0" statements="118" coveredstatements="108" elements="144" coveredelements="132"/>
      </file>
      <file name="/home/kai/git/php-sdk/src/Column.php">
        <class name="HEXONET\Column" namespace="HEXONET">
          <metrics complexity="7" methods="5" coveredmethods="5" conditionals="0" coveredconditionals="0" statements="8" coveredstatements="8" elements="13" coveredelements="13"/>
        </class>
        <line num="43" type="method" name="__construct" visibility="public" complexity="1" crap="1" count="28"/>
        <line num="45" type="stmt" count="28"/>
        <line num="46" type="stmt" count="28"/>
        <line num="47" type="stmt" count="28"/>
        <line num="48" type="stmt" count="28"/>
        <line num="54" type="method" name="getKey" visibility="public" complexity="1" crap="1" count="1"/>
        <line num="56" type="stmt" count="1"/>
        <line num="63" type="method" name="getData" visibility="public" complexity="1" crap="1" count="3"/>
        <line num="65" type="stmt" count="3"/>
        <line num="73" type="method" name="getDataByIndex" visibility="public" complexity="2" crap="2" count="27"/>
        <line num="75" type="stmt" count="27"/>
        <line num="83" type="method" name="hasDataIndex" visibility="private" complexity="2" crap="2" count="27"/>
        <line num="85" type="stmt" count="27"/>
        <metrics loc="87" ncloc="42" classes="1" methods="5" coveredmethods="5" conditionals="0" coveredconditionals="0" statements="8" coveredstatements="8" elements="13" coveredelements="13"/>
      </file>
      <file name="/home/kai/git/php-sdk/src/Record.php">
        <class name="HEXONET\Record" namespace="HEXONET">
          <metrics complexity="5" methods="4" coveredmethods="4" conditionals="0" coveredconditionals="0" statements="7" coveredstatements="7" elements="11" coveredelements="11"/>
        </class>
        <line num="45" type="method" name="__construct" visibility="public" complexity="1" crap="1" count="29"/>
        <line num="47" type="stmt" count="29"/>
        <line num="48" type="stmt" count="29"/>
        <line num="54" type="method" name="getData" visibility="public" complexity="1" crap="1" count="5"/>
        <line num="56" type="stmt" count="5"/>
        <line num="64" type="method" name="getDataByKey" visibility="public" complexity="2" crap="2" count="4"/>
        <line num="66" type="stmt" count="4"/>
        <line num="67" type="stmt" count="3"/>
        <line num="69" type="stmt" count="1"/>
        <line num="77" type="method" name="hasData" visibility="private" complexity="1" crap="1" count="4"/>
        <line num="79" type="stmt" count="4"/>
        <metrics loc="81" ncloc="34" classes="1" methods="4" coveredmethods="4" conditionals="0" coveredconditionals="0" statements="7" coveredstatements="7" elements="11" coveredelements="11"/>
      </file>
      <file name="/home/kai/git/php-sdk/src/Response.php">
        <class name="HEXONET\Response" namespace="HEXONET" fullPackage="HEXONET" package="HEXONET">
          <metrics complexity="70" methods="31" coveredmethods="28" conditionals="0" coveredconditionals="0" statements="132" coveredstatements="129" elements="163" coveredelements="157"/>
        </class>
        <line num="52" type="method" name="__construct" visibility="public" complexity="8" crap="8" count="40"/>
        <line num="54" type="stmt" count="40"/>
        <line num="55" type="stmt" count="40"/>
        <line num="56" type="stmt" count="40"/>
        <line num="57" type="stmt" count="40"/>
        <line num="58" type="stmt" count="40"/>
        <line num="59" type="stmt" count="40"/>
        <line num="61" type="stmt" count="40"/>
        <line num="62" type="stmt" count="27"/>
        <line num="63" type="stmt" count="27"/>
        <line num="64" type="stmt" count="27"/>
        <line num="65" type="stmt" count="27"/>
        <line num="66" type="stmt" count="27"/>
        <line num="67" type="stmt" count="27"/>
        <line num="68" type="stmt" count="27"/>
        <line num="71" type="stmt" count="27"/>
        <line num="72" type="stmt" count="27"/>
        <line num="73" type="stmt" count="27"/>
        <line num="74" type="stmt" count="27"/>
        <line num="75" type="stmt" count="27"/>
        <line num="76" type="stmt" count="27"/>
        <line num="77" type="stmt" count="27"/>
        <line num="78" type="stmt" count="27"/>
        <line num="82" type="stmt" count="27"/>
        <line num="85" type="stmt" count="40"/>
        <line num="93" type="method" name="addColumn" visibility="public" complexity="1" crap="1" count="27"/>
        <line num="95" type="stmt" count="27"/>
        <line num="96" type="stmt" count="27"/>
        <line num="97" type="stmt" count="27"/>
        <line num="98" type="stmt" count="27"/>
        <line num="106" type="method" name="addRecord" visibility="public" complexity="1" crap="1" count="27"/>
        <line num="108" type="stmt" count="27"/>
        <line num="109" type="stmt" count="27"/>
        <line num="117" type="method" name="getColumn" visibility="public" complexity="2" crap="2" count="35"/>
        <line num="119" type="stmt" count="35"/>
        <line num="128" type="method" name="getColumnIndex" visibility="public" complexity="2" crap="2" count="2"/>
        <line num="130" type="stmt" count="2"/>
        <line num="131" type="stmt" count="2"/>
        <line num="138" type="method" name="getColumnKeys" visibility="public" complexity="1" crap="1" count="2"/>
        <line num="140" type="stmt" count="2"/>
        <line num="147" type="method" name="getColumns" visibility="public" complexity="1" crap="1" count="1"/>
        <line num="149" type="stmt" count="1"/>
        <line num="156" type="method" name="getCommand" visibility="public" complexity="1" crap="1" count="4"/>
        <line num="158" type="stmt" count="4"/>
        <line num="165" type="method" name="getCurrentPageNumber" visibility="public" complexity="3" crap="3" count="12"/>
        <line num="167" type="stmt" count="12"/>
        <line num="168" type="stmt" count="12"/>
        <line num="169" type="stmt" count="12"/>
        <line num="170" type="stmt" count="7"/>
        <line num="172" type="stmt" count="5"/>
        <line num="179" type="method" name="getCurrentRecord" visibility="public" complexity="2" crap="2" count="2"/>
        <line num="181" type="stmt" count="2"/>
        <line num="188" type="method" name="getFirstRecordIndex" visibility="public" complexity="4" crap="4" count="16"/>
        <line num="190" type="stmt" count="16"/>
        <line num="191" type="stmt" count="16"/>
        <line num="192" type="stmt" count="9"/>
        <line num="193" type="stmt" count="9"/>
        <line num="195" type="stmt" count="7"/>
        <line num="196" type="stmt" count="1"/>
        <line num="198" type="stmt" count="6"/>
        <line num="205" type="method" name="getLastRecordIndex" visibility="public" complexity="4" crap="4" count="6"/>
        <line num="207" type="stmt" count="6"/>
        <line num="208" type="stmt" count="6"/>
        <line num="209" type="stmt" count="4"/>
        <line num="210" type="stmt" count="4"/>
        <line num="211" type="stmt" count="4"/>
        <line num="214" type="stmt" count="2"/>
        <line num="215" type="stmt" count="2"/>
        <line num="216" type="stmt" count="1"/>
        <line num="218" type="stmt" count="1"/>
        <line num="225" type="method" name="getListHash" visibility="public" complexity="2" crap="2" count="1"/>
        <line num="227" type="stmt" count="1"/>
        <line num="228" type="stmt" count="1"/>
        <line num="229" type="stmt" count="1"/>
        <line num="232" type="stmt" count="1"/>
        <line num="234" type="stmt" count="1"/>
        <line num="235" type="stmt" count="1"/>
        <line num="244" type="method" name="getNextRecord" visibility="public" complexity="2" crap="2" count="3"/>
        <line num="246" type="stmt" count="3"/>
        <line num="247" type="stmt" count="3"/>
        <line num="249" type="stmt" count="2"/>
        <line num="256" type="method" name="getNextPageNumber" visibility="public" complexity="3" crap="3" count="4"/>
        <line num="258" type="stmt" count="4"/>
        <line num="259" type="stmt" count="4"/>
        <line num="260" type="stmt" count="1"/>
        <line num="262" type="stmt" count="3"/>
        <line num="263" type="stmt" count="3"/>
        <line num="264" type="stmt" count="3"/>
        <line num="271" type="method" name="getNumberOfPages" visibility="public" complexity="3" crap="3" count="5"/>
        <line num="273" type="stmt" count="5"/>
        <line num="274" type="stmt" count="5"/>
        <line num="275" type="stmt" count="5"/>
        <line num="276" type="stmt" count="4"/>
        <line num="278" type="stmt" count="1"/>
        <line num="285" type="method" name="getPagination" visibility="public" complexity="1" crap="1" count="2"/>
        <line num="288" type="stmt" count="2"/>
        <line num="289" type="stmt" count="2"/>
        <line num="290" type="stmt" count="2"/>
        <line num="291" type="stmt" count="2"/>
        <line num="292" type="stmt" count="2"/>
        <line num="293" type="stmt" count="2"/>
        <line num="294" type="stmt" count="2"/>
        <line num="295" type="stmt" count="2"/>
        <line num="296" type="stmt" count="2"/>
        <line num="304" type="method" name="getPreviousPageNumber" visibility="public" complexity="3" crap="3.03" count="4"/>
        <line num="306" type="stmt" count="4"/>
        <line num="307" type="stmt" count="4"/>
        <line num="308" type="stmt" count="1"/>
        <line num="310" type="stmt" count="3"/>
        <line num="311" type="stmt" count="3"/>
        <line num="312" type="stmt" count="3"/>
        <line num="314" type="stmt" count="0"/>
        <line num="321" type="method" name="getPreviousRecord" visibility="public" complexity="2" crap="2" count="2"/>
        <line num="323" type="stmt" count="2"/>
        <line num="324" type="stmt" count="1"/>
        <line num="326" type="stmt" count="2"/>
        <line num="334" type="method" name="getRecord" visibility="public" complexity="3" crap="3.33" count="3"/>
        <line num="336" type="stmt" count="3"/>
        <line num="337" type="stmt" count="3"/>
        <line num="339" type="stmt" count="0"/>
        <line num="346" type="method" name="getRecords" visibility="public" complexity="1" crap="2.00" count="0"/>
        <line num="348" type="stmt" count="0"/>
        <line num="355" type="method" name="getRecordsCount" visibility="public" complexity="1" crap="1" count="22"/>
        <line num="357" type="stmt" count="22"/>
        <line num="364" type="method" name="getRecordsTotalCount" visibility="public" complexity="3" crap="3" count="8"/>
        <line num="366" type="stmt" count="8"/>
        <line num="367" type="stmt" count="8"/>
        <line num="368" type="stmt" count="7"/>
        <line num="369" type="stmt" count="7"/>
        <line num="370" type="stmt" count="7"/>
        <line num="373" type="stmt" count="1"/>
        <line num="381" type="method" name="getRecordsLimitation" visibility="public" complexity="3" crap="3" count="16"/>
        <line num="383" type="stmt" count="16"/>
        <line num="384" type="stmt" count="16"/>
        <line num="385" type="stmt" count="10"/>
        <line num="386" type="stmt" count="10"/>
        <line num="387" type="stmt" count="10"/>
        <line num="390" type="stmt" count="6"/>
        <line num="397" type="method" name="hasNextPage" visibility="public" complexity="2" crap="2" count="2"/>
        <line num="399" type="stmt" count="2"/>
        <line num="400" type="stmt" count="2"/>
        <line num="401" type="stmt" count="1"/>
        <line num="403" type="stmt" count="1"/>
        <line num="410" type="method" name="hasPreviousPage" visibility="public" complexity="2" crap="2" count="2"/>
        <line num="412" type="stmt" count="2"/>
        <line num="413" type="stmt" count="2"/>
        <line num="414" type="stmt" count="1"/>
        <line num="416" type="stmt" count="1"/>
        <line num="423" type="method" name="rewindRecordList" visibility="public" complexity="1" crap="1" count="1"/>
        <line num="425" type="stmt" count="1"/>
        <line num="426" type="stmt" count="1"/>
        <line num="434" type="method" name="hasColumn" visibility="private" complexity="1" crap="1" count="35"/>
        <line num="436" type="stmt" count="35"/>
        <line num="444" type="method" name="hasCurrentRecord" visibility="private" complexity="3" crap="3" count="5"/>
        <line num="446" type="stmt" count="5"/>
        <line num="448" type="stmt" count="5"/>
        <line num="449" type="stmt" count="5"/>
        <line num="450" type="stmt" count="5"/>
        <line num="459" type="method" name="hasNextRecord" visibility="private" complexity="2" crap="2" count="3"/>
        <line num="461" type="stmt" count="3"/>
        <line num="462" type="stmt" count="3"/>
        <line num="470" type="method" name="hasPreviousRecord" visibility="private" complexity="2" crap="2" count="2"/>
        <line num="472" type="stmt" count="2"/>
        <metrics loc="474" ncloc="306" classes="1" methods="31" coveredmethods="28" conditionals="0" coveredconditionals="0" statements="132" coveredstatements="129" elements="163" coveredelements="157"/>
      </file>
      <file name="/home/kai/git/php-sdk/src/ResponseParser.php">
        <class name="HEXONET\ResponseParser" namespace="HEXONET" fullPackage="HEXONET" package="HEXONET">
          <metrics complexity="15" methods="2" coveredmethods="2" conditionals="0" coveredconditionals="0" statements="34" coveredstatements="34" elements="36" coveredelements="36"/>
        </class>
        <line num="23" type="method" name="parse" visibility="public" complexity="7" crap="7" count="56"/>
        <line num="25" type="stmt" count="56"/>
        <line num="26" type="stmt" count="56"/>
        <line num="27" type="stmt" count="56"/>
        <line num="28" type="stmt" count="56"/>
        <line num="29" type="stmt" count="56"/>
        <line num="30" type="stmt" count="56"/>
        <line num="31" type="stmt" count="56"/>
        <line num="32" type="stmt" count="56"/>
        <line num="33" type="stmt" count="27"/>
        <line num="34" type="stmt" count="27"/>
        <line num="36" type="stmt" count="27"/>
        <line num="37" type="stmt" count="27"/>
        <line num="38" type="stmt" count="27"/>
        <line num="39" type="stmt" count="20"/>
        <line num="41" type="stmt" count="27"/>
        <line num="44" type="stmt" count="56"/>
        <line num="48" type="stmt" count="56"/>
        <line num="49" type="stmt" count="1"/>
        <line num="51" type="stmt" count="56"/>
        <line num="59" type="method" name="serialize" visibility="public" complexity="8" crap="8" count="6"/>
        <line num="61" type="stmt" count="6"/>
        <line num="62" type="stmt" count="6"/>
        <line num="63" type="stmt" count="3"/>
        <line num="64" type="stmt" count="3"/>
        <line num="65" type="stmt" count="3"/>
        <line num="69" type="stmt" count="6"/>
        <line num="70" type="stmt" count="5"/>
        <line num="72" type="stmt" count="6"/>
        <line num="73" type="stmt" count="5"/>
        <line num="75" type="stmt" count="6"/>
        <line num="76" type="stmt" count="1"/>
        <line num="78" type="stmt" count="6"/>
        <line num="79" type="stmt" count="1"/>
        <line num="81" type="stmt" count="6"/>
        <line num="82" type="stmt" count="6"/>
        <metrics loc="84" ncloc="65" classes="1" methods="2" coveredmethods="2" conditionals="0" coveredconditionals="0" statements="34" coveredstatements="34" elements="36" coveredelements="36"/>
      </file>
      <file name="/home/kai/git/php-sdk/src/ResponseTemplate.php">
        <class name="HEXONET\ResponseTemplate" namespace="HEXONET">
          <metrics complexity="13" methods="10" coveredmethods="9" conditionals="0" coveredconditionals="0" statements="18" coveredstatements="17" elements="28" coveredelements="26"/>
        </class>
        <line num="37" type="method" name="__construct" visibility="public" complexity="2" crap="2" count="55"/>
        <line num="39" type="stmt" count="55"/>
        <line num="40" type="stmt" count="7"/>
        <line num="42" type="stmt" count="55"/>
        <line num="43" type="stmt" count="55"/>
        <line num="44" type="stmt" count="55"/>
        <line num="50" type="method" name="getCode" visibility="public" complexity="1" crap="1" count="4"/>
        <line num="52" type="stmt" count="4"/>
        <line num="59" type="method" name="getDescription" visibility="public" complexity="1" crap="1" count="4"/>
        <line num="61" type="stmt" count="4"/>
        <line num="68" type="method" name="getPlain" visibility="public" complexity="1" crap="1" count="32"/>
        <line num="70" type="stmt" count="32"/>
        <line num="77" type="method" name="getQueuetime" visibility="public" complexity="2" crap="2" count="2"/>
        <line num="79" type="stmt" count="2"/>
        <line num="80" type="stmt" count="1"/>
        <line num="82" type="stmt" count="1"/>
        <line num="89" type="method" name="getHash" visibility="public" complexity="1" crap="1" count="10"/>
        <line num="91" type="stmt" count="10"/>
        <line num="98" type="method" name="getRuntime" visibility="public" complexity="2" crap="2" count="2"/>
        <line num="100" type="stmt" count="2"/>
        <line num="101" type="stmt" count="1"/>
        <line num="103" type="stmt" count="1"/>
        <line num="111" type="method" name="isError" visibility="public" complexity="1" crap="1" count="2"/>
        <line num="113" type="stmt" count="2"/>
        <line num="121" type="method" name="isSuccess" visibility="public" complexity="1" crap="1" count="13"/>
        <line num="123" type="stmt" count="13"/>
        <line num="131" type="method" name="isTmpError" visibility="public" complexity="1" crap="2.00" count="0"/>
        <line num="133" type="stmt" count="0"/>
        <metrics loc="135" ncloc="75" classes="1" methods="10" coveredmethods="9" conditionals="0" coveredconditionals="0" statements="18" coveredstatements="17" elements="28" coveredelements="26"/>
      </file>
      <file name="/home/kai/git/php-sdk/src/ResponseTemplateManager.php">
        <class name="HEXONET\ResponseTemplateManager" namespace="HEXONET">
          <metrics complexity="16" methods="11" coveredmethods="7" conditionals="0" coveredconditionals="0" statements="34" coveredstatements="21" elements="45" coveredelements="28"/>
        </class>
        <line num="25" type="method" name="getInstance" visibility="public" complexity="2" crap="2.15" count="8"/>
        <line num="27" type="stmt" count="8"/>
        <line num="28" type="stmt" count="0"/>
        <line num="30" type="stmt" count="8"/>
        <line num="47" type="method" name="__clone" visibility="private" complexity="1" crap="2.00" count="0"/>
        <line num="49" type="stmt" count="0"/>
        <line num="56" type="method" name="__wakeup" visibility="private" complexity="1" crap="2.00" count="0"/>
        <line num="58" type="stmt" count="0"/>
        <line num="64" type="method" name="__construct" visibility="private" complexity="1" crap="2.00" count="0"/>
        <line num="66" type="stmt" count="0"/>
        <line num="67" type="stmt" count="0"/>
        <line num="68" type="stmt" count="0"/>
        <line num="69" type="stmt" count="0"/>
        <line num="70" type="stmt" count="0"/>
        <line num="71" type="stmt" count="0"/>
        <line num="72" type="stmt" count="0"/>
        <line num="73" type="stmt" count="0"/>
        <line num="74" type="stmt" count="0"/>
        <line num="76" type="stmt" count="0"/>
        <line num="84" type="method" name="generateTemplate" visibility="public" complexity="1" crap="1" count="2"/>
        <line num="86" type="stmt" count="2"/>
        <line num="95" type="method" name="addTemplate" visibility="public" complexity="1" crap="1" count="1"/>
        <line num="97" type="stmt" count="1"/>
        <line num="98" type="stmt" count="1"/>
        <line num="106" type="method" name="getTemplate" visibility="public" complexity="2" crap="2" count="38"/>
        <line num="108" type="stmt" count="38"/>
        <line num="109" type="stmt" count="37"/>
        <line num="111" type="stmt" count="1"/>
        <line num="112" type="stmt" count="1"/>
        <line num="120" type="method" name="getTemplates" visibility="public" complexity="2" crap="2" count="1"/>
        <line num="122" type="stmt" count="1"/>
        <line num="123" type="stmt" count="1"/>
        <line num="124" type="stmt" count="1"/>
        <line num="126" type="stmt" count="1"/>
        <line num="134" type="method" name="hasTemplate" visibility="public" complexity="1" crap="1" count="38"/>
        <line num="136" type="stmt" count="38"/>
        <line num="145" type="method" name="isTemplateMatchHash" visibility="public" complexity="2" crap="2" count="1"/>
        <line num="147" type="stmt" count="1"/>
        <line num="149" type="stmt" count="1"/>
        <line num="150" type="stmt" count="1"/>
        <line num="160" type="method" name="isTemplateMatchPlain" visibility="public" complexity="2" crap="2" count="2"/>
        <line num="162" type="stmt" count="2"/>
        <line num="163" type="stmt" count="2"/>
        <line num="165" type="stmt" count="2"/>
        <line num="166" type="stmt" count="2"/>
        <metrics loc="169" ncloc="98" classes="1" methods="11" coveredmethods="7" conditionals="0" coveredconditionals="0" statements="34" coveredstatements="21" elements="45" coveredelements="28"/>
      </file>
      <file name="/home/kai/git/php-sdk/src/SocketConfig.php">
        <class name="HEXONET\SocketConfig" namespace="HEXONET">
          <metrics complexity="18" methods="11" coveredmethods="11" conditionals="0" coveredconditionals="0" statements="46" coveredstatements="46" elements="57" coveredelements="57"/>
        </class>
        <line num="55" type="method" name="__construct" visibility="public" complexity="1" crap="1" count="2"/>
        <line num="57" type="stmt" count="2"/>
        <line num="58" type="stmt" count="2"/>
        <line num="59" type="stmt" count="2"/>
        <line num="60" type="stmt" count="2"/>
        <line num="61" type="stmt" count="2"/>
        <line num="62" type="stmt" count="2"/>
        <line num="63" type="stmt" count="2"/>
        <line num="64" type="stmt" count="2"/>
        <line num="70" type="method" name="getPOSTData" visibility="public" complexity="8" crap="8" count="30"/>
        <line num="72" type="stmt" count="30"/>
        <line num="73" type="stmt" count="30"/>
        <line num="74" type="stmt" count="29"/>
        <line num="76" type="stmt" count="30"/>
        <line num="77" type="stmt" count="14"/>
        <line num="79" type="stmt" count="30"/>
        <line num="80" type="stmt" count="1"/>
        <line num="82" type="stmt" count="30"/>
        <line num="83" type="stmt" count="14"/>
        <line num="85" type="stmt" count="30"/>
        <line num="86" type="stmt" count="1"/>
        <line num="88" type="stmt" count="30"/>
        <line num="89" type="stmt" count="4"/>
        <line num="91" type="stmt" count="30"/>
        <line num="92" type="stmt" count="1"/>
        <line num="94" type="stmt" count="30"/>
        <line num="101" type="method" name="getSession" visibility="public" complexity="1" crap="1" count="3"/>
        <line num="103" type="stmt" count="3"/>
        <line num="110" type="method" name="getSystemEntity" visibility="public" complexity="1" crap="1" count="1"/>
        <line num="112" type="stmt" count="1"/>
        <line num="120" type="method" name="setLogin" visibility="public" complexity="1" crap="1" count="10"/>
        <line num="122" type="stmt" count="10"/>
        <line num="123" type="stmt" count="10"/>
        <line num="124" type="stmt" count="10"/>
        <line num="132" type="method" name="setOTP" visibility="public" complexity="1" crap="1" count="7"/>
        <line num="134" type="stmt" count="7"/>
        <line num="135" type="stmt" count="7"/>
        <line num="136" type="stmt" count="7"/>
        <line num="144" type="method" name="setPassword" visibility="public" complexity="1" crap="1" count="10"/>
        <line num="146" type="stmt" count="10"/>
        <line num="147" type="stmt" count="10"/>
        <line num="148" type="stmt" count="10"/>
        <line num="156" type="method" name="setRemoteAddress" visibility="public" complexity="1" crap="1" count="2"/>
        <line num="158" type="stmt" count="2"/>
        <line num="159" type="stmt" count="2"/>
        <line num="167" type="method" name="setSession" visibility="public" complexity="1" crap="1" count="9"/>
        <line num="169" type="stmt" count="9"/>
        <line num="170" type="stmt" count="9"/>
        <line num="171" type="stmt" count="9"/>
        <line num="172" type="stmt" count="9"/>
        <line num="173" type="stmt" count="9"/>
        <line num="182" type="method" name="setSystemEntity" visibility="public" complexity="1" crap="1" count="4"/>
        <line num="184" type="stmt" count="4"/>
        <line num="185" type="stmt" count="4"/>
        <line num="193" type="method" name="setUser" visibility="public" complexity="1" crap="1" count="2"/>
        <line num="195" type="stmt" count="2"/>
        <line num="196" type="stmt" count="2"/>
        <metrics loc="198" ncloc="113" classes="1" methods="11" coveredmethods="11" conditionals="0" coveredconditionals="0" statements="46" coveredstatements="46" elements="57" coveredelements="57"/>
      </file>
    </package>
    <metrics files="8" loc="1644" ncloc="980" classes="8" methods="100" coveredmethods="90" conditionals="0" coveredconditionals="0" statements="397" coveredstatements="370" elements="497" coveredelements="460"/>
  </project>
</coverage>
